<?xml version="1.0" encoding="UTF-8"?>
<testng-results ignored="0" total="2" passed="2" failed="0" skipped="0">
  <reporter-output>
  </reporter-output>
  <suite started-at="2024-03-02T17:36:41Z" name="Suite" finished-at="2024-03-02T17:37:07Z" duration-ms="25211">
    <groups>
    </groups>
    <test started-at="2024-03-02T17:36:41Z" name="Test" finished-at="2024-03-02T17:37:07Z" duration-ms="25211">
      <class name="testcases.LoginTest">
        <test-method is-config="true" signature="SetUp()[pri:0, instance:testcases.LoginTest@ba54932]" started-at="2024-03-02T17:36:41Z" name="SetUp" finished-at="2024-03-02T17:36:45Z" duration-ms="3841" status="PASS">
          <reporter-output>
          </reporter-output>
        </test-method> <!-- SetUp -->
        <test-method signature="LoginFailiureTest()[pri:0, instance:testcases.LoginTest@ba54932]" started-at="2024-03-02T17:36:45Z" name="LoginFailiureTest" finished-at="2024-03-02T17:36:55Z" duration-ms="9698" status="PASS">
          <reporter-output>
          </reporter-output>
        </test-method> <!-- LoginFailiureTest -->
        <test-method is-config="true" signature="TearDown()[pri:0, instance:testcases.LoginTest@ba54932]" started-at="2024-03-02T17:36:55Z" name="TearDown" finished-at="2024-03-02T17:36:55Z" duration-ms="128" status="PASS">
          <reporter-output>
          </reporter-output>
        </test-method> <!-- TearDown -->
        <test-method is-config="true" signature="SetUp()[pri:0, instance:testcases.LoginTest@ba54932]" started-at="2024-03-02T17:36:55Z" name="SetUp" finished-at="2024-03-02T17:36:57Z" duration-ms="2086" status="PASS">
          <reporter-output>
          </reporter-output>
        </test-method> <!-- SetUp -->
        <test-method signature="LoginSuccessTest()[pri:0, instance:testcases.LoginTest@ba54932]" started-at="2024-03-02T17:36:57Z" name="LoginSuccessTest" finished-at="2024-03-02T17:37:07Z" duration-ms="9343" status="PASS">
          <reporter-output>
          </reporter-output>
        </test-method> <!-- LoginSuccessTest -->
        <test-method is-config="true" signature="TearDown()[pri:0, instance:testcases.LoginTest@ba54932]" started-at="2024-03-02T17:37:07Z" name="TearDown" finished-at="2024-03-02T17:37:07Z" duration-ms="99" status="PASS">
          <reporter-output>
          </reporter-output>
        </test-method> <!-- TearDown -->
      </class> <!-- testcases.LoginTest -->
    </test> <!-- Test -->
  </suite> <!-- Suite -->
</testng-results>
